0 info it worked if it ends with ok
1 verbose cli [ '/usr/local/opt/nvm/v0.11.13/bin/node',
1 verbose cli   '/usr/local/opt/nvm/v0.11.13/bin/npm',
1 verbose cli   'install',
1 verbose cli   'angular-bootstrap-colorpicker' ]
2 info using npm@1.4.9
3 info using node@v0.11.13
4 verbose node symlink /usr/local/opt/nvm/v0.11.13/bin/node
5 warn package.json linux-web-desktop@0.0.0 No description
6 warn package.json linux-web-desktop@0.0.0 No repository field.
7 verbose readDependencies using package.json deps
8 verbose cache add [ 'angular-bootstrap-colorpicker', null ]
9 verbose cache add name=undefined spec="angular-bootstrap-colorpicker" args=["angular-bootstrap-colorpicker",null]
10 verbose parsed url { protocol: null,
10 verbose parsed url   slashes: null,
10 verbose parsed url   auth: null,
10 verbose parsed url   host: null,
10 verbose parsed url   port: null,
10 verbose parsed url   hostname: null,
10 verbose parsed url   hash: null,
10 verbose parsed url   search: null,
10 verbose parsed url   query: null,
10 verbose parsed url   pathname: 'angular-bootstrap-colorpicker',
10 verbose parsed url   path: 'angular-bootstrap-colorpicker',
10 verbose parsed url   href: 'angular-bootstrap-colorpicker' }
11 silly lockFile d8cbc0c1-angular-bootstrap-colorpicker angular-bootstrap-colorpicker
12 verbose lock angular-bootstrap-colorpicker /Users/leeke/.npm/d8cbc0c1-angular-bootstrap-colorpicker.lock
13 silly lockFile d8cbc0c1-angular-bootstrap-colorpicker angular-bootstrap-colorpicker
14 silly lockFile d8cbc0c1-angular-bootstrap-colorpicker angular-bootstrap-colorpicker
15 verbose addNamed [ 'angular-bootstrap-colorpicker', '' ]
16 verbose addNamed [ null, '*' ]
17 silly lockFile 9a31f2ff-angular-bootstrap-colorpicker angular-bootstrap-colorpicker@
18 verbose lock angular-bootstrap-colorpicker@ /Users/leeke/.npm/9a31f2ff-angular-bootstrap-colorpicker.lock
19 silly addNameRange { name: 'angular-bootstrap-colorpicker',
19 silly addNameRange   range: '*',
19 silly addNameRange   hasData: false }
20 verbose url raw angular-bootstrap-colorpicker
21 verbose url resolving [ 'https://registry.npmjs.org/',
21 verbose url resolving   './angular-bootstrap-colorpicker' ]
22 verbose url resolved https://registry.npmjs.org/angular-bootstrap-colorpicker
23 info trying registry request attempt 1 at 16:45:23
24 http GET https://registry.npmjs.org/angular-bootstrap-colorpicker
25 http 404 https://registry.npmjs.org/angular-bootstrap-colorpicker
26 verbose headers { date: 'Sat, 30 Aug 2014 07:45:24 GMT',
26 verbose headers   server: 'CouchDB/1.5.0 (Erlang OTP/R16B03)',
26 verbose headers   'content-type': 'application/json',
26 verbose headers   'cache-control': 'max-age=0',
26 verbose headers   'content-length': '52',
26 verbose headers   'accept-ranges': 'bytes',
26 verbose headers   via: '1.1 varnish',
26 verbose headers   age: '0',
26 verbose headers   'x-served-by': 'cache-ty68-TYO',
26 verbose headers   'x-cache': 'MISS',
26 verbose headers   'x-cache-hits': '0',
26 verbose headers   'x-timer': 'S1409384724.172033,VS0,VE181',
26 verbose headers   connection: 'close' }
27 silly registry.get cb [ 404,
27 silly registry.get   { date: 'Sat, 30 Aug 2014 07:45:24 GMT',
27 silly registry.get     server: 'CouchDB/1.5.0 (Erlang OTP/R16B03)',
27 silly registry.get     'content-type': 'application/json',
27 silly registry.get     'cache-control': 'max-age=0',
27 silly registry.get     'content-length': '52',
27 silly registry.get     'accept-ranges': 'bytes',
27 silly registry.get     via: '1.1 varnish',
27 silly registry.get     age: '0',
27 silly registry.get     'x-served-by': 'cache-ty68-TYO',
27 silly registry.get     'x-cache': 'MISS',
27 silly registry.get     'x-cache-hits': '0',
27 silly registry.get     'x-timer': 'S1409384724.172033,VS0,VE181',
27 silly registry.get     connection: 'close' } ]
28 silly lockFile 9a31f2ff-angular-bootstrap-colorpicker angular-bootstrap-colorpicker@
29 silly lockFile 9a31f2ff-angular-bootstrap-colorpicker angular-bootstrap-colorpicker@
30 error 404 404 Not Found: angular-bootstrap-colorpicker
30 error 404
30 error 404 'angular-bootstrap-colorpicker' is not in the npm registry.
30 error 404 You should bug the author to publish it
30 error 404 It was specified as a dependency of 'linux-web-desktop'
30 error 404
30 error 404 Note that you can also install from a
30 error 404 tarball, folder, or http url, or git url.
31 error System Darwin 13.3.0
32 error command "/usr/local/opt/nvm/v0.11.13/bin/node" "/usr/local/opt/nvm/v0.11.13/bin/npm" "install" "angular-bootstrap-colorpicker"
33 error cwd /Users/leeke/Dropbox/ALA-Team-Work/leeke/whiteboard
34 error node -v v0.11.13
35 error npm -v 1.4.9
36 error code E404
37 verbose exit [ 1, true ]
